<?xml version="1.0" encoding="UTF-8"?>
<!-- Generated by org.testng.reporters.JUnitReportReporter -->
<testsuite hostname="DESKTOP-SP8UJ8Q" failures="0" tests="1" name="script.InvalidLogin" time="12.685" errors="0" timestamp="2022-08-08T16:49:09 IST" skipped="0">
  <testcase classname="script.InvalidLogin" name="testInValidLogin" time="12.685"/>
  <system-out>
    <![CDATA[Enter The User Name
Enter The Password
Click On Login Button
Verify Error Message Is Displayed
Error Message Is Not Displayed
ErrorMessage Is Displayed]]>
  </system-out>
</testsuite> <!-- script.InvalidLogin -->
