<?xml version="1.0" encoding="UTF-8"?>
<!-- Generated by org.testng.reporters.JUnitReportReporter -->
<testsuite hostname="DESKTOP-SP8UJ8Q" failures="0" tests="6" name="script.Demo2" time="112.622" errors="0" timestamp="2022-08-08T08:45:38 IST" skipped="0">
  <testcase classname="script.Demo2" name="test2" time="17.878"/>
  <system-out>
    <![CDATA[actiTIME - Login
A5]]>
  </system-out>
  <testcase classname="script.Demo2" name="test2" time="21.298"/>
  <system-out>
    <![CDATA[actiTIME - Login
A3
C3]]>
  </system-out>
  <testcase classname="script.Demo2" name="test2" time="19.031"/>
  <system-out>
    <![CDATA[actiTIME - Login
A1
B1
C1]]>
  </system-out>
  <testcase classname="script.Demo2" name="test2" time="17.380"/>
  <system-out>
    <![CDATA[actiTIME - Login
A2
 
C2]]>
  </system-out>
  <testcase classname="script.Demo2" name="test2" time="19.723"/>
  <system-out>
    <![CDATA[actiTIME - Login
 
A4]]>
  </system-out>
  <testcase classname="script.Demo2" name="test2" time="17.312"/>
  <system-out>
    <![CDATA[actiTIME - Login
A6
B6
C6]]>
  </system-out>
</testsuite> <!-- script.Demo2 -->
