<?xml version="1.0" encoding="UTF-8"?>
<!-- Generated by org.testng.reporters.JUnitReportReporter -->
<testsuite hostname="DESKTOP-SP8UJ8Q" failures="0" tests="1" name="script.ValidLogin" time="13.893" errors="0" timestamp="2022-08-08T19:46:12 IST" skipped="0">
  <testcase classname="script.ValidLogin" name="testValidLogin" time="13.893"/>
  <system-out>
    <![CDATA[Enter Valid User Name
Enter Valid Password
Click On Login Button
Verify HomePage Is  Displayed
HomePage Is Displayed]]>
  </system-out>
</testsuite> <!-- script.ValidLogin -->
