<?xml version="1.0" encoding="UTF-8"?>
<!-- Generated by org.testng.reporters.JUnitReportReporter -->
<testsuite hostname="DESKTOP-SP8UJ8Q" failures="0" tests="1" name="script.ValidLogin" time="11.261" errors="0" timestamp="2022-08-08T16:50:01 IST" skipped="0">
  <testcase classname="script.ValidLogin" name="testValidLogin" time="11.261"/>
  <system-out>
    <![CDATA[Enter Valid User Name
Enter Valid Password
Click On Login Button
Verify HomePage Is Not Displayed
HomePage Is Not Displayed
HomePage Is Displayed]]>
  </system-out>
</testsuite> <!-- script.ValidLogin -->
